<?xml version="1.0" encoding="UTF-8"?>
<testsuites name="Mocha Tests" time="26.330" tests="4" failures="0">
  <testsuite name="Root Suite" timestamp="2025-02-12T02:49:10" tests="0" file="cypress/e2e/cadastro.cy.js" time="0.000" failures="0">
  </testsuite>
  <testsuite name="template spec" timestamp="2025-02-12T02:49:10" tests="4" time="26.321" failures="0">
    <testcase name="template spec Cadastro com Preencher o formulário corretamente e enviar → Deve exibir mensagem de sucesso." time="13.124" classname="Cadastro com Preencher o formulário corretamente e enviar → Deve exibir mensagem de sucesso.">
    </testcase>
    <testcase name="template spec Deixar campos obrigatórios vazios → Deve exibir mensagens de erro." time="2.198" classname="Deixar campos obrigatórios vazios → Deve exibir mensagens de erro.">
    </testcase>
    <testcase name="template spec Digitar uma senha fraca (exemplo: &quot;12345&quot;) → Deve exibir erro de validação." time="5.365" classname="Digitar uma senha fraca (exemplo: &quot;12345&quot;) → Deve exibir erro de validação.">
    </testcase>
    <testcase name="template spec Digitar e-mails diferentes nos campos de &quot;E-mail&quot; e &quot;Confirmação de E-mail&quot; → Deve exibir erro." time="3.909" classname="Digitar e-mails diferentes nos campos de &quot;E-mail&quot; e &quot;Confirmação de E-mail&quot; → Deve exibir erro.">
    </testcase>
  </testsuite>
</testsuites>